<?xml version="1.0" encoding="UTF-8"?>
<coverage generated="1601286766353" clover="3.2.0">
  <project timestamp="1601286766353" name="All files">
    <metrics statements="19" coveredstatements="18" conditionals="12" coveredconditionals="11" methods="6" coveredmethods="6" elements="37" coveredelements="35" complexity="0" loc="19" ncloc="19" packages="4" files="7" classes="7"/>
    <package name="src">
      <metrics statements="1" coveredstatements="1" conditionals="0" coveredconditionals="0" methods="0" coveredmethods="0"/>
      <file name="config.js" path="/Users/joseph/Documents/Programming/Javascript/React-Native/patricia_test/src/config.js">
        <metrics statements="1" coveredstatements="1" conditionals="0" coveredconditionals="0" methods="0" coveredmethods="0"/>
        <line num="1" count="2" type="stmt"/>
      </file>
    </package>
    <package name="src.components.Container">
      <metrics statements="4" coveredstatements="4" conditionals="0" coveredconditionals="0" methods="1" coveredmethods="1"/>
      <file name="index.js" path="/Users/joseph/Documents/Programming/Javascript/React-Native/patricia_test/src/components/Container/index.js">
        <metrics statements="3" coveredstatements="3" conditionals="0" coveredconditionals="0" methods="1" coveredmethods="1"/>
        <line num="7" count="1" type="stmt"/>
        <line num="8" count="2" type="stmt"/>
        <line num="18" count="1" type="stmt"/>
      </file>
      <file name="styles.js" path="/Users/joseph/Documents/Programming/Javascript/React-Native/patricia_test/src/components/Container/styles.js">
        <metrics statements="1" coveredstatements="1" conditionals="0" coveredconditionals="0" methods="0" coveredmethods="0"/>
        <line num="3" count="1" type="stmt"/>
      </file>
    </package>
    <package name="src.components.CustomInput">
      <metrics statements="7" coveredstatements="7" conditionals="4" coveredconditionals="4" methods="3" coveredmethods="3"/>
      <file name="index.js" path="/Users/joseph/Documents/Programming/Javascript/React-Native/patricia_test/src/components/CustomInput/index.js">
        <metrics statements="6" coveredstatements="6" conditionals="4" coveredconditionals="4" methods="3" coveredmethods="3"/>
        <line num="8" count="1" type="stmt"/>
        <line num="9" count="7" type="stmt"/>
        <line num="10" count="7" type="stmt"/>
        <line num="16" count="1" type="stmt"/>
        <line num="17" count="1" type="stmt"/>
        <line num="28" count="1" type="stmt"/>
      </file>
      <file name="styles.js" path="/Users/joseph/Documents/Programming/Javascript/React-Native/patricia_test/src/components/CustomInput/styles.js">
        <metrics statements="1" coveredstatements="1" conditionals="0" coveredconditionals="0" methods="0" coveredmethods="0"/>
        <line num="1" count="1" type="stmt"/>
      </file>
    </package>
    <package name="src.components.PrimaryBtn">
      <metrics statements="7" coveredstatements="6" conditionals="8" coveredconditionals="7" methods="2" coveredmethods="2"/>
      <file name="index.js" path="/Users/joseph/Documents/Programming/Javascript/React-Native/patricia_test/src/components/PrimaryBtn/index.js">
        <metrics statements="6" coveredstatements="5" conditionals="8" coveredconditionals="7" methods="2" coveredmethods="2"/>
        <line num="6" count="1" type="stmt"/>
        <line num="7" count="7" type="stmt"/>
        <line num="8" count="1" type="cond" truecount="1" falsecount="1"/>
        <line num="9" count="0" type="stmt"/>
        <line num="12" count="7" type="stmt"/>
        <line num="24" count="1" type="stmt"/>
      </file>
      <file name="styles.js" path="/Users/joseph/Documents/Programming/Javascript/React-Native/patricia_test/src/components/PrimaryBtn/styles.js">
        <metrics statements="1" coveredstatements="1" conditionals="0" coveredconditionals="0" methods="0" coveredmethods="0"/>
        <line num="3" count="1" type="stmt"/>
      </file>
    </package>
  </project>
</coverage>
