{"/Users/joseph/Documents/Programming/Javascript/React-Native/patricia_test/src/components/Container/index.js": {"path":"/Users/joseph/Documents/Programming/Javascript/React-Native/patricia_test/src/components/Container/index.js","statementMap":{"0":{"start":{"line":6,"column":18},"end":{"line":15,"column":1}},"1":{"start":{"line":7,"column":2},"end":{"line":14,"column":4}}},"fnMap":{"0":{"name":"(anonymous_0)","decl":{"start":{"line":6,"column":18},"end":{"line":6,"column":19}},"loc":{"start":{"line":6,"column":41},"end":{"line":15,"column":1}},"line":6}},"branchMap":{},"s":{"0":1,"1":2},"f":{"0":2},"b":{},"_coverageSchema":"1a1c01bbd47fc00a2c39e90264f33305004495a9","hash":"c81b779e149979eb9182620896eeda5f9bd66274"}
,"/Users/joseph/Documents/Programming/Javascript/React-Native/patricia_test/src/components/Container/styles.js": {"path":"/Users/joseph/Documents/Programming/Javascript/React-Native/patricia_test/src/components/Container/styles.js","statementMap":{"0":{"start":{"line":1,"column":15},"end":{"line":13,"column":1}}},"fnMap":{},"branchMap":{},"s":{"0":1},"f":{},"b":{},"_coverageSchema":"1a1c01bbd47fc00a2c39e90264f33305004495a9","hash":"a04671f3c33a24ab46770851b932641c241a17d5"}
}
