{"/Users/joseph/Documents/Programming/Javascript/React-Native/patricia_test/src/config.js": {"path":"/Users/joseph/Documents/Programming/Javascript/React-Native/patricia_test/src/config.js","statementMap":{"0":{"start":{"line":1,"column":22},"end":{"line":3,"column":1}}},"fnMap":{},"branchMap":{},"s":{"0":2},"f":{},"b":{},"_coverageSchema":"1a1c01bbd47fc00a2c39e90264f33305004495a9","hash":"e43de30fb046976d847ec8795c823b3eba1c86f9"}
,"/Users/joseph/Documents/Programming/Javascript/React-Native/patricia_test/src/components/Container/index.js": {"path":"/Users/joseph/Documents/Programming/Javascript/React-Native/patricia_test/src/components/Container/index.js","statementMap":{"0":{"start":{"line":7,"column":18},"end":{"line":16,"column":1}},"1":{"start":{"line":8,"column":2},"end":{"line":15,"column":4}},"2":{"start":{"line":18,"column":0},"end":{"line":24,"column":2}}},"fnMap":{"0":{"name":"(anonymous_0)","decl":{"start":{"line":7,"column":18},"end":{"line":7,"column":19}},"loc":{"start":{"line":7,"column":41},"end":{"line":16,"column":1}},"line":7}},"branchMap":{},"s":{"0":1,"1":2,"2":1},"f":{"0":2},"b":{},"_coverageSchema":"1a1c01bbd47fc00a2c39e90264f33305004495a9","hash":"b275849aebbe541700b2f44d891f59f24b41a9a9"}
,"/Users/joseph/Documents/Programming/Javascript/React-Native/patricia_test/src/components/Container/styles.js": {"path":"/Users/joseph/Documents/Programming/Javascript/React-Native/patricia_test/src/components/Container/styles.js","statementMap":{"0":{"start":{"line":3,"column":15},"end":{"line":15,"column":1}}},"fnMap":{},"branchMap":{},"s":{"0":1},"f":{},"b":{},"_coverageSchema":"1a1c01bbd47fc00a2c39e90264f33305004495a9","hash":"8bf18bbc5cade798133ec8cd22c45a1ae9086183"}
,"/Users/joseph/Documents/Programming/Javascript/React-Native/patricia_test/src/components/CustomInput/index.js": {"path":"/Users/joseph/Documents/Programming/Javascript/React-Native/patricia_test/src/components/CustomInput/index.js","statementMap":{"0":{"start":{"line":8,"column":20},"end":{"line":26,"column":2}},"1":{"start":{"line":9,"column":36},"end":{"line":9,"column":51}},"2":{"start":{"line":10,"column":2},"end":{"line":25,"column":4}},"3":{"start":{"line":16,"column":23},"end":{"line":16,"column":40}},"4":{"start":{"line":17,"column":22},"end":{"line":17,"column":40}},"5":{"start":{"line":28,"column":0},"end":{"line":31,"column":2}}},"fnMap":{"0":{"name":"(anonymous_0)","decl":{"start":{"line":8,"column":37},"end":{"line":8,"column":38}},"loc":{"start":{"line":8,"column":77},"end":{"line":26,"column":1}},"line":8},"1":{"name":"(anonymous_1)","decl":{"start":{"line":16,"column":17},"end":{"line":16,"column":18}},"loc":{"start":{"line":16,"column":23},"end":{"line":16,"column":40}},"line":16},"2":{"name":"(anonymous_2)","decl":{"start":{"line":17,"column":16},"end":{"line":17,"column":17}},"loc":{"start":{"line":17,"column":22},"end":{"line":17,"column":40}},"line":17}},"branchMap":{"0":{"loc":{"start":{"line":20,"column":27},"end":{"line":20,"column":61}},"type":"cond-expr","locations":[{"start":{"line":20,"column":40},"end":{"line":20,"column":49}},{"start":{"line":20,"column":52},"end":{"line":20,"column":61}}],"line":20},"1":{"loc":{"start":{"line":23,"column":7},"end":{"line":23,"column":57}},"type":"binary-expr","locations":[{"start":{"line":23,"column":7},"end":{"line":23,"column":12}},{"start":{"line":23,"column":16},"end":{"line":23,"column":57}}],"line":23}},"s":{"0":1,"1":7,"2":7,"3":1,"4":1,"5":1},"f":{"0":7,"1":1,"2":1},"b":{"0":[1,6],"1":[7,1]},"_coverageSchema":"1a1c01bbd47fc00a2c39e90264f33305004495a9","hash":"c52564b519b90fbcc7265cfa0616cacc288d4b21"}
,"/Users/joseph/Documents/Programming/Javascript/React-Native/patricia_test/src/components/CustomInput/styles.js": {"path":"/Users/joseph/Documents/Programming/Javascript/React-Native/patricia_test/src/components/CustomInput/styles.js","statementMap":{"0":{"start":{"line":1,"column":15},"end":{"line":16,"column":1}}},"fnMap":{},"branchMap":{},"s":{"0":1},"f":{},"b":{},"_coverageSchema":"1a1c01bbd47fc00a2c39e90264f33305004495a9","hash":"31f16c16aa214a239ed8b19c239ca1467f49c6e1"}
,"/Users/joseph/Documents/Programming/Javascript/React-Native/patricia_test/src/components/PrimaryBtn/index.js": {"path":"/Users/joseph/Documents/Programming/Javascript/React-Native/patricia_test/src/components/PrimaryBtn/index.js","statementMap":{"0":{"start":{"line":6,"column":19},"end":{"line":22,"column":1}},"1":{"start":{"line":7,"column":22},"end":{"line":11,"column":3}},"2":{"start":{"line":8,"column":4},"end":{"line":10,"column":5}},"3":{"start":{"line":9,"column":6},"end":{"line":9,"column":16}},"4":{"start":{"line":12,"column":2},"end":{"line":21,"column":4}},"5":{"start":{"line":24,"column":0},"end":{"line":29,"column":2}}},"fnMap":{"0":{"name":"(anonymous_0)","decl":{"start":{"line":6,"column":19},"end":{"line":6,"column":20}},"loc":{"start":{"line":6,"column":65},"end":{"line":22,"column":1}},"line":6},"1":{"name":"(anonymous_1)","decl":{"start":{"line":7,"column":22},"end":{"line":7,"column":23}},"loc":{"start":{"line":7,"column":28},"end":{"line":11,"column":3}},"line":7}},"branchMap":{"0":{"loc":{"start":{"line":8,"column":4},"end":{"line":10,"column":5}},"type":"if","locations":[{"start":{"line":8,"column":4},"end":{"line":10,"column":5}},{"start":{"line":8,"column":4},"end":{"line":10,"column":5}}],"line":8},"1":{"loc":{"start":{"line":15,"column":15},"end":{"line":15,"column":75}},"type":"cond-expr","locations":[{"start":{"line":15,"column":29},"end":{"line":15,"column":56}},{"start":{"line":15,"column":59},"end":{"line":15,"column":75}}],"line":15},"2":{"loc":{"start":{"line":16,"column":21},"end":{"line":16,"column":73}},"type":"cond-expr","locations":[{"start":{"line":16,"column":35},"end":{"line":16,"column":58}},{"start":{"line":16,"column":61},"end":{"line":16,"column":73}}],"line":16},"3":{"loc":{"start":{"line":17,"column":11},"end":{"line":17,"column":43}},"type":"cond-expr","locations":[{"start":{"line":17,"column":23},"end":{"line":17,"column":35}},{"start":{"line":17,"column":38},"end":{"line":17,"column":43}}],"line":17}},"s":{"0":1,"1":7,"2":1,"3":0,"4":7,"5":1},"f":{"0":7,"1":1},"b":{"0":[0,1],"1":[1,6],"2":[1,6],"3":[2,5]},"_coverageSchema":"1a1c01bbd47fc00a2c39e90264f33305004495a9","hash":"c2243faa6e2ac36885a637516f69cc611cc2ab91"}
,"/Users/joseph/Documents/Programming/Javascript/React-Native/patricia_test/src/components/PrimaryBtn/styles.js": {"path":"/Users/joseph/Documents/Programming/Javascript/React-Native/patricia_test/src/components/PrimaryBtn/styles.js","statementMap":{"0":{"start":{"line":3,"column":15},"end":{"line":28,"column":1}}},"fnMap":{},"branchMap":{},"s":{"0":1},"f":{},"b":{},"_coverageSchema":"1a1c01bbd47fc00a2c39e90264f33305004495a9","hash":"41ae5f99987d9c82e16ff07a6420c75dd58b8ce7"}
}
