TN:
SF:src/config.js
FNF:0
FNH:0
DA:1,2
LF:1
LH:1
BRF:0
BRH:0
end_of_record
TN:
SF:src/components/Container/index.js
FN:7,(anonymous_0)
FNF:1
FNH:1
FNDA:2,(anonymous_0)
DA:7,1
DA:8,2
DA:18,1
LF:3
LH:3
BRF:0
BRH:0
end_of_record
TN:
SF:src/components/Container/styles.js
FNF:0
FNH:0
DA:3,1
LF:1
LH:1
BRF:0
BRH:0
end_of_record
TN:
SF:src/components/CustomInput/index.js
FN:8,(anonymous_0)
FN:16,(anonymous_1)
FN:17,(anonymous_2)
FNF:3
FNH:3
FNDA:7,(anonymous_0)
FNDA:1,(anonymous_1)
FNDA:1,(anonymous_2)
DA:8,1
DA:9,7
DA:10,7
DA:16,1
DA:17,1
DA:28,1
LF:6
LH:6
BRDA:20,0,0,1
BRDA:20,0,1,6
BRDA:23,1,0,7
BRDA:23,1,1,1
BRF:4
BRH:4
end_of_record
TN:
SF:src/components/CustomInput/styles.js
FNF:0
FNH:0
DA:1,1
LF:1
LH:1
BRF:0
BRH:0
end_of_record
TN:
SF:src/components/PrimaryBtn/index.js
FN:6,(anonymous_0)
FN:7,(anonymous_1)
FNF:2
FNH:2
FNDA:7,(anonymous_0)
FNDA:1,(anonymous_1)
DA:6,1
DA:7,7
DA:8,1
DA:9,0
DA:12,7
DA:24,1
LF:6
LH:5
BRDA:8,0,0,0
BRDA:8,0,1,1
BRDA:15,1,0,1
BRDA:15,1,1,6
BRDA:16,2,0,1
BRDA:16,2,1,6
BRDA:17,3,0,2
BRDA:17,3,1,5
BRF:8
BRH:7
end_of_record
TN:
SF:src/components/PrimaryBtn/styles.js
FNF:0
FNH:0
DA:3,1
LF:1
LH:1
BRF:0
BRH:0
end_of_record
